<?xml version="1.0" encoding="UTF-8"?>
<!-- Generated by org.testng.reporters.JUnitReportReporter -->
<testsuite hostname="FARAZB-WIN10" failures="0" tests="1" name="testCases.TC_002AccountLoginTest" time="1.889" errors="0" timestamp="2025-02-09T11:05:56 IST" skipped="0">
  <testcase classname="testCases.TC_002AccountLoginTest" name="Login" time="1.889"/>
</testsuite> <!-- testCases.TC_002AccountLoginTest -->
