<?xml version="1.0" encoding="UTF-8"?>
<!-- Generated by org.testng.reporters.JUnitReportReporter -->
<testsuite hostname="FARAZB-WIN10" failures="0" tests="1" name="testCases.TC_001AccountRegistrationTest" time="2.551" errors="0" timestamp="2025-02-09T11:05:56 IST" skipped="0">
  <testcase classname="testCases.TC_001AccountRegistrationTest" name="testAccountRegistrartion" time="2.551"/>
</testsuite> <!-- testCases.TC_001AccountRegistrationTest -->
